<?xml version="1.0" encoding="UTF-8" ?>
<testsuite failures="0" time="1.671" errors="0" skipped="0" tests="193" name="TestSuite">
  <properties>
    <property name="java.runtime.name" value="OpenJDK Runtime Environment"/>
    <property name="sun.boot.library.path" value="/usr/lib/jvm/java-6-openjdk-i386/jre/lib/i386"/>
    <property name="java.vm.version" value="20.0-b12"/>
    <property name="java.vm.vendor" value="Sun Microsystems Inc."/>
    <property name="java.vendor.url" value="http://java.sun.com/"/>
    <property name="path.separator" value=":"/>
    <property name="guice.disable.misplaced.annotation.check" value="true"/>
    <property name="java.vm.name" value="OpenJDK Server VM"/>
    <property name="file.encoding.pkg" value="sun.io"/>
    <property name="user.country" value="US"/>
    <property name="sun.java.launcher" value="SUN_STANDARD"/>
    <property name="sun.os.patch.level" value="unknown"/>
    <property name="java.vm.specification.name" value="Java Virtual Machine Specification"/>
    <property name="user.dir" value="/home/martijn/Downloads/storm-starter-master"/>
    <property name="java.runtime.version" value="1.6.0_27-b27"/>
    <property name="java.awt.graphicsenv" value="sun.awt.X11GraphicsEnvironment"/>
    <property name="java.endorsed.dirs" value="/usr/lib/jvm/java-6-openjdk-i386/jre/lib/endorsed"/>
    <property name="os.arch" value="i386"/>
    <property name="java.io.tmpdir" value="/tmp"/>
    <property name="line.separator" value="
"/>
    <property name="java.vm.specification.vendor" value="Sun Microsystems Inc."/>
    <property name="os.name" value="Linux"/>
    <property name="classworlds.conf" value="/usr/share/maven/bin/m2.conf"/>
    <property name="sun.jnu.encoding" value="UTF-8"/>
    <property name="java.library.path" value="/usr/lib/jvm/java-6-openjdk-i386/jre/lib/i386/server:/usr/lib/jvm/java-6-openjdk-i386/jre/lib/i386:/usr/lib/jvm/java-6-openjdk-i386/jre/../lib/i386:/usr/java/packages/lib/i386:/usr/lib/i386-linux-gnu/jni:/lib/i386-linux-gnu:/usr/lib/i386-linux-gnu:/usr/lib/jni:/lib:/usr/lib"/>
    <property name="java.specification.name" value="Java Platform API Specification"/>
    <property name="java.class.version" value="50.0"/>
    <property name="sun.management.compiler" value="HotSpot Tiered Compilers"/>
    <property name="os.version" value="3.5.0-25-generic"/>
    <property name="user.home" value="/home/martijn"/>
    <property name="user.timezone" value="Europe/Amsterdam"/>
    <property name="java.awt.printerjob" value="sun.print.PSPrinterJob"/>
    <property name="file.encoding" value="UTF-8"/>
    <property name="java.specification.version" value="1.6"/>
    <property name="user.name" value="martijn"/>
    <property name="java.class.path" value="/usr/share/maven/boot/plexus-classworlds-2.x.jar"/>
    <property name="java.vm.specification.version" value="1.0"/>
    <property name="sun.arch.data.model" value="32"/>
    <property name="java.home" value="/usr/lib/jvm/java-6-openjdk-i386/jre"/>
    <property name="sun.java.command" value="org.codehaus.plexus.classworlds.launcher.Launcher -f m2-pom.xml package"/>
    <property name="java.specification.vendor" value="Sun Microsystems Inc."/>
    <property name="user.language" value="en"/>
    <property name="java.vm.info" value="mixed mode"/>
    <property name="java.version" value="1.6.0_27"/>
    <property name="java.ext.dirs" value="/usr/lib/jvm/java-6-openjdk-i386/jre/lib/ext:/usr/java/packages/lib/ext"/>
    <property name="securerandom.source" value="file:/dev/./urandom"/>
    <property name="sun.boot.class.path" value="/usr/lib/jvm/java-6-openjdk-i386/jre/lib/resources.jar:/usr/lib/jvm/java-6-openjdk-i386/jre/lib/rt.jar:/usr/lib/jvm/java-6-openjdk-i386/jre/lib/sunrsasign.jar:/usr/lib/jvm/java-6-openjdk-i386/jre/lib/jsse.jar:/usr/lib/jvm/java-6-openjdk-i386/jre/lib/jce.jar:/usr/lib/jvm/java-6-openjdk-i386/jre/lib/charsets.jar:/usr/lib/jvm/java-6-openjdk-i386/jre/lib/netx.jar:/usr/lib/jvm/java-6-openjdk-i386/jre/lib/plugin.jar:/usr/lib/jvm/java-6-openjdk-i386/jre/lib/rhino.jar:/usr/lib/jvm/java-6-openjdk-i386/jre/lib/modules/jdk.boot.jar:/usr/lib/jvm/java-6-openjdk-i386/jre/classes"/>
    <property name="java.vendor" value="Sun Microsystems Inc."/>
    <property name="maven.home" value="/usr/share/maven"/>
    <property name="file.separator" value="/"/>
    <property name="java.vendor.url.bug" value="http://java.sun.com/cgi-bin/bugreport.cgi"/>
    <property name="sun.cpu.endian" value="little"/>
    <property name="sun.io.unicode.encoding" value="UnicodeLittle"/>
    <property name="sun.desktop" value="gnome"/>
    <property name="sun.cpu.isalist" value=""/>
  </properties>
  <testcase time="0.106" classname="storm.starter.bolt.IntermediateRankingsBoltTest" name="negativeOrZeroEmitFrequencyShouldThrowIAE"/>
  <testcase time="0.001" classname="storm.starter.bolt.IntermediateRankingsBoltTest" name="negativeOrZeroEmitFrequencyShouldThrowIAE"/>
  <testcase time="0" classname="storm.starter.bolt.IntermediateRankingsBoltTest" name="negativeOrZeroEmitFrequencyShouldThrowIAE"/>
  <testcase time="0" classname="storm.starter.bolt.IntermediateRankingsBoltTest" name="negativeOrZeroEmitFrequencyShouldThrowIAE"/>
  <testcase time="0" classname="storm.starter.bolt.IntermediateRankingsBoltTest" name="negativeOrZeroEmitFrequencyShouldThrowIAE"/>
  <testcase time="0" classname="storm.starter.bolt.IntermediateRankingsBoltTest" name="negativeOrZeroTopNShouldThrowIAE"/>
  <testcase time="0" classname="storm.starter.bolt.IntermediateRankingsBoltTest" name="negativeOrZeroTopNShouldThrowIAE"/>
  <testcase time="0" classname="storm.starter.bolt.IntermediateRankingsBoltTest" name="negativeOrZeroTopNShouldThrowIAE"/>
  <testcase time="0" classname="storm.starter.bolt.IntermediateRankingsBoltTest" name="negativeOrZeroTopNShouldThrowIAE"/>
  <testcase time="0.001" classname="storm.starter.bolt.IntermediateRankingsBoltTest" name="negativeOrZeroTopNShouldThrowIAE"/>
  <testcase time="0.006" classname="storm.starter.bolt.IntermediateRankingsBoltTest" name="positiveEmitFrequencyShouldBeOk"/>
  <testcase time="0" classname="storm.starter.bolt.IntermediateRankingsBoltTest" name="positiveEmitFrequencyShouldBeOk"/>
  <testcase time="0.001" classname="storm.starter.bolt.IntermediateRankingsBoltTest" name="positiveEmitFrequencyShouldBeOk"/>
  <testcase time="0" classname="storm.starter.bolt.IntermediateRankingsBoltTest" name="positiveEmitFrequencyShouldBeOk"/>
  <testcase time="0" classname="storm.starter.bolt.IntermediateRankingsBoltTest" name="positiveTopNShouldBeOk"/>
  <testcase time="0" classname="storm.starter.bolt.IntermediateRankingsBoltTest" name="positiveTopNShouldBeOk"/>
  <testcase time="0.001" classname="storm.starter.bolt.IntermediateRankingsBoltTest" name="positiveTopNShouldBeOk"/>
  <testcase time="0" classname="storm.starter.bolt.IntermediateRankingsBoltTest" name="positiveTopNShouldBeOk"/>
  <testcase time="0.162" classname="storm.starter.bolt.IntermediateRankingsBoltTest" name="shouldDeclareOutputFields"/>
  <testcase time="0.038" classname="storm.starter.bolt.IntermediateRankingsBoltTest" name="shouldEmitNothingIfNormalTupleIsReceived"/>
  <testcase time="0.005" classname="storm.starter.bolt.IntermediateRankingsBoltTest" name="shouldEmitSomethingIfTickTupleIsReceived"/>
  <testcase time="0.02" classname="storm.starter.bolt.IntermediateRankingsBoltTest" name="shouldSetTickTupleFrequencyInComponentConfigurationToNonZeroValue"/>
  <testcase time="0.001" classname="storm.starter.tools.NthLastModifiedTimeTrackerTest" name="negativeOrZeroNumTimesToTrackShouldThrowIAE"/>
  <testcase time="0.001" classname="storm.starter.tools.NthLastModifiedTimeTrackerTest" name="negativeOrZeroNumTimesToTrackShouldThrowIAE"/>
  <testcase time="0.001" classname="storm.starter.tools.NthLastModifiedTimeTrackerTest" name="negativeOrZeroNumTimesToTrackShouldThrowIAE"/>
  <testcase time="0" classname="storm.starter.tools.NthLastModifiedTimeTrackerTest" name="negativeOrZeroNumTimesToTrackShouldThrowIAE"/>
  <testcase time="0.001" classname="storm.starter.tools.NthLastModifiedTimeTrackerTest" name="negativeOrZeroNumTimesToTrackShouldThrowIAE"/>
  <testcase time="0.008" classname="storm.starter.tools.NthLastModifiedTimeTrackerTest" name="positiveNumTimesToTrackShouldBeOk"/>
  <testcase time="0.001" classname="storm.starter.tools.NthLastModifiedTimeTrackerTest" name="positiveNumTimesToTrackShouldBeOk"/>
  <testcase time="0" classname="storm.starter.tools.NthLastModifiedTimeTrackerTest" name="positiveNumTimesToTrackShouldBeOk"/>
  <testcase time="0" classname="storm.starter.tools.NthLastModifiedTimeTrackerTest" name="positiveNumTimesToTrackShouldBeOk"/>
  <testcase time="0.001" classname="storm.starter.tools.NthLastModifiedTimeTrackerTest" name="shouldReturnCorrectModifiedTimeEvenWhenNotYetMarkedAsModified"/>
  <testcase time="0" classname="storm.starter.tools.NthLastModifiedTimeTrackerTest" name="shouldReturnCorrectModifiedTimeEvenWhenNotYetMarkedAsModified"/>
  <testcase time="0" classname="storm.starter.tools.NthLastModifiedTimeTrackerTest" name="shouldReturnCorrectModifiedTimeEvenWhenNotYetMarkedAsModified"/>
  <testcase time="0" classname="storm.starter.tools.NthLastModifiedTimeTrackerTest" name="shouldReturnCorrectModifiedTimeEvenWhenNotYetMarkedAsModified"/>
  <testcase time="0" classname="storm.starter.tools.NthLastModifiedTimeTrackerTest" name="shouldReturnCorrectModifiedTimeEvenWhenNotYetMarkedAsModified"/>
  <testcase time="0" classname="storm.starter.tools.NthLastModifiedTimeTrackerTest" name="shouldReturnCorrectModifiedTimeEvenWhenNotYetMarkedAsModified"/>
  <testcase time="0" classname="storm.starter.tools.NthLastModifiedTimeTrackerTest" name="shouldReturnCorrectModifiedTimeEvenWhenNotYetMarkedAsModified"/>
  <testcase time="0" classname="storm.starter.tools.NthLastModifiedTimeTrackerTest" name="shouldReturnCorrectModifiedTimeEvenWhenNotYetMarkedAsModified"/>
  <testcase time="0.005" classname="storm.starter.tools.NthLastModifiedTimeTrackerTest" name="shouldReturnCorrectModifiedTimeWhenMarkedAsModified"/>
  <testcase time="0" classname="storm.starter.tools.NthLastModifiedTimeTrackerTest" name="shouldReturnCorrectModifiedTimeWhenMarkedAsModified"/>
  <testcase time="0.001" classname="storm.starter.tools.NthLastModifiedTimeTrackerTest" name="shouldReturnCorrectModifiedTimeWhenMarkedAsModified"/>
  <testcase time="0" classname="storm.starter.tools.NthLastModifiedTimeTrackerTest" name="shouldReturnCorrectModifiedTimeWhenMarkedAsModified"/>
  <testcase time="0" classname="storm.starter.tools.NthLastModifiedTimeTrackerTest" name="shouldReturnCorrectModifiedTimeWhenMarkedAsModified"/>
  <testcase time="0" classname="storm.starter.tools.NthLastModifiedTimeTrackerTest" name="shouldReturnCorrectModifiedTimeWhenMarkedAsModified"/>
  <testcase time="0" classname="storm.starter.tools.NthLastModifiedTimeTrackerTest" name="shouldReturnCorrectModifiedTimeWhenMarkedAsModified"/>
  <testcase time="0" classname="storm.starter.tools.NthLastModifiedTimeTrackerTest" name="shouldReturnCorrectModifiedTimeWhenMarkedAsModified"/>
  <testcase time="0" classname="storm.starter.tools.NthLastModifiedTimeTrackerTest" name="shouldReturnCorrectModifiedTimeWhenMarkedAsModified"/>
  <testcase time="0.001" classname="storm.starter.tools.NthLastModifiedTimeTrackerTest" name="shouldReturnCorrectModifiedTimeWhenMarkedAsModified"/>
  <testcase time="0" classname="storm.starter.tools.NthLastModifiedTimeTrackerTest" name="shouldReturnCorrectModifiedTimeWhenMarkedAsModified"/>
  <testcase time="0" classname="storm.starter.tools.NthLastModifiedTimeTrackerTest" name="shouldReturnCorrectModifiedTimeWhenMarkedAsModified"/>
  <testcase time="0" classname="storm.starter.tools.NthLastModifiedTimeTrackerTest" name="shouldReturnCorrectModifiedTimeWhenMarkedAsModified"/>
  <testcase time="0" classname="storm.starter.tools.NthLastModifiedTimeTrackerTest" name="shouldReturnCorrectModifiedTimeWhenMarkedAsModified"/>
  <testcase time="0.001" classname="storm.starter.tools.NthLastModifiedTimeTrackerTest" name="shouldReturnCorrectModifiedTimeWhenMarkedAsModified"/>
  <testcase time="0.001" classname="storm.starter.tools.NthLastModifiedTimeTrackerTest" name="shouldReturnCorrectModifiedTimeWhenMarkedAsModified"/>
  <testcase time="0" classname="storm.starter.tools.NthLastModifiedTimeTrackerTest" name="shouldReturnCorrectModifiedTimeWhenMarkedAsModified"/>
  <testcase time="0" classname="storm.starter.tools.NthLastModifiedTimeTrackerTest" name="shouldReturnCorrectModifiedTimeWhenMarkedAsModified"/>
  <testcase time="0.001" classname="storm.starter.tools.NthLastModifiedTimeTrackerTest" name="shouldReturnCorrectModifiedTimeWhenMarkedAsModified"/>
  <testcase time="0" classname="storm.starter.tools.NthLastModifiedTimeTrackerTest" name="shouldReturnCorrectModifiedTimeWhenMarkedAsModified"/>
  <testcase time="0.001" classname="storm.starter.tools.NthLastModifiedTimeTrackerTest" name="shouldReturnCorrectModifiedTimeWhenMarkedAsModified"/>
  <testcase time="0" classname="storm.starter.tools.NthLastModifiedTimeTrackerTest" name="shouldReturnCorrectModifiedTimeWhenMarkedAsModified"/>
  <testcase time="0" classname="storm.starter.tools.RankableObjectWithFieldsTest" name="constructorWithNegativeCountAndFieldsShouldThrowIAE"/>
  <testcase time="0" classname="storm.starter.tools.RankableObjectWithFieldsTest" name="constructorWithNegativeCountAndNoFieldsShouldThrowIAE"/>
  <testcase time="0" classname="storm.starter.tools.RankableObjectWithFieldsTest" name="constructorWithNullObjectAndFieldsShouldThrowIAE"/>
  <testcase time="0.001" classname="storm.starter.tools.RankableObjectWithFieldsTest" name="constructorWithNullObjectAndNoFieldsShouldThrowIAE"/>
  <testcase time="0.001" classname="storm.starter.tools.RankableObjectWithFieldsTest" name="fieldsShouldBeImmutable"/>
  <testcase time="0.001" classname="storm.starter.tools.RankableObjectWithFieldsTest" name="shouldBeEqualToItself"/>
  <testcase time="0.01" classname="storm.starter.tools.RankableObjectWithFieldsTest" name="shouldBeEqualToTrueDuplicates"/>
  <testcase time="0" classname="storm.starter.tools.RankableObjectWithFieldsTest" name="shouldBeEqualToTrueDuplicates"/>
  <testcase time="0" classname="storm.starter.tools.RankableObjectWithFieldsTest" name="shouldBeEqualToTrueDuplicates"/>
  <testcase time="0.008" classname="storm.starter.tools.RankableObjectWithFieldsTest" name="shouldCreateRankableObjectFromTuple"/>
  <testcase time="0.001" classname="storm.starter.tools.RankableObjectWithFieldsTest" name="shouldHaveDifferentHashCodeThanFalseDuplicates"/>
  <testcase time="0" classname="storm.starter.tools.RankableObjectWithFieldsTest" name="shouldHaveDifferentHashCodeThanFalseDuplicates"/>
  <testcase time="0.001" classname="storm.starter.tools.RankableObjectWithFieldsTest" name="shouldHaveDifferentHashCodeThanFalseDuplicates"/>
  <testcase time="0" classname="storm.starter.tools.RankableObjectWithFieldsTest" name="shouldHaveDifferentHashCodeThanFalseDuplicates"/>
  <testcase time="0.001" classname="storm.starter.tools.RankableObjectWithFieldsTest" name="shouldHaveDifferentHashCodeThanFalseDuplicates"/>
  <testcase time="0" classname="storm.starter.tools.RankableObjectWithFieldsTest" name="shouldHaveDifferentHashCodeThanFalseDuplicates"/>
  <testcase time="0" classname="storm.starter.tools.RankableObjectWithFieldsTest" name="shouldHaveSameHashCodeAsTrueDuplicates"/>
  <testcase time="0" classname="storm.starter.tools.RankableObjectWithFieldsTest" name="shouldHaveSameHashCodeAsTrueDuplicates"/>
  <testcase time="0" classname="storm.starter.tools.RankableObjectWithFieldsTest" name="shouldHaveSameHashCodeAsTrueDuplicates"/>
  <testcase time="0.001" classname="storm.starter.tools.RankableObjectWithFieldsTest" name="shouldNotBeEqualToFalseDuplicates"/>
  <testcase time="0" classname="storm.starter.tools.RankableObjectWithFieldsTest" name="shouldNotBeEqualToFalseDuplicates"/>
  <testcase time="0.001" classname="storm.starter.tools.RankableObjectWithFieldsTest" name="shouldNotBeEqualToFalseDuplicates"/>
  <testcase time="0.001" classname="storm.starter.tools.RankableObjectWithFieldsTest" name="shouldNotBeEqualToFalseDuplicates"/>
  <testcase time="0" classname="storm.starter.tools.RankableObjectWithFieldsTest" name="shouldNotBeEqualToFalseDuplicates"/>
  <testcase time="0.001" classname="storm.starter.tools.RankableObjectWithFieldsTest" name="shouldNotBeEqualToFalseDuplicates"/>
  <testcase time="0" classname="storm.starter.tools.RankableObjectWithFieldsTest" name="shouldNotBeEqualToInstancesOfOtherClasses"/>
  <testcase time="0" classname="storm.starter.tools.RankableObjectWithFieldsTest" name="shouldNotBeEqualToInstancesOfOtherClasses"/>
  <testcase time="0.001" classname="storm.starter.tools.RankableObjectWithFieldsTest" name="shouldNotBeEqualToInstancesOfOtherClasses"/>
  <testcase time="0" classname="storm.starter.tools.RankableObjectWithFieldsTest" name="shouldNotBeEqualToInstancesOfOtherClasses"/>
  <testcase time="0" classname="storm.starter.tools.RankableObjectWithFieldsTest" name="shouldReturnTheCount"/>
  <testcase time="0.001" classname="storm.starter.tools.RankableObjectWithFieldsTest" name="shouldReturnTheFields"/>
  <testcase time="0.001" classname="storm.starter.tools.RankableObjectWithFieldsTest" name="shouldReturnTheFields"/>
  <testcase time="0" classname="storm.starter.tools.RankableObjectWithFieldsTest" name="shouldReturnTheObject"/>
  <testcase time="0.002" classname="storm.starter.tools.RankableObjectWithFieldsTest" name="toStringShouldContainStringRepresentationsOfObjectAndCount"/>
  <testcase time="0.001" classname="storm.starter.tools.RankableObjectWithFieldsTest" name="toStringShouldContainStringRepresentationsOfObjectAndCount"/>
  <testcase time="0.001" classname="storm.starter.tools.RankableObjectWithFieldsTest" name="verifyCompareTo"/>
  <testcase time="0" classname="storm.starter.tools.RankableObjectWithFieldsTest" name="verifyCompareTo"/>
  <testcase time="0.001" classname="storm.starter.tools.RankableObjectWithFieldsTest" name="verifyCompareTo"/>
  <testcase time="0" classname="storm.starter.tools.RankableObjectWithFieldsTest" name="verifyCompareTo"/>
  <testcase time="0.001" classname="storm.starter.tools.RankableObjectWithFieldsTest" name="verifyCompareTo"/>
  <testcase time="0" classname="storm.starter.tools.RankableObjectWithFieldsTest" name="verifyCompareTo"/>
  <testcase time="0.001" classname="storm.starter.tools.RankableObjectWithFieldsTest" name="verifyCompareTo"/>
  <testcase time="0" classname="storm.starter.tools.RankableObjectWithFieldsTest" name="verifyCompareTo"/>
  <testcase time="0" classname="storm.starter.tools.RankableObjectWithFieldsTest" name="verifyCompareTo"/>
  <testcase time="0" classname="storm.starter.tools.RankableObjectWithFieldsTest" name="verifyCompareTo"/>
  <testcase time="0.001" classname="storm.starter.tools.RankingsTest" name="constructorWithNegativeOrZeroTopNShouldThrowIAE"/>
  <testcase time="0" classname="storm.starter.tools.RankingsTest" name="constructorWithNegativeOrZeroTopNShouldThrowIAE"/>
  <testcase time="0" classname="storm.starter.tools.RankingsTest" name="constructorWithNegativeOrZeroTopNShouldThrowIAE"/>
  <testcase time="0" classname="storm.starter.tools.RankingsTest" name="constructorWithNegativeOrZeroTopNShouldThrowIAE"/>
  <testcase time="0" classname="storm.starter.tools.RankingsTest" name="constructorWithPositiveTopNShouldBeOk"/>
  <testcase time="0" classname="storm.starter.tools.RankingsTest" name="constructorWithPositiveTopNShouldBeOk"/>
  <testcase time="0" classname="storm.starter.tools.RankingsTest" name="constructorWithPositiveTopNShouldBeOk"/>
  <testcase time="0.001" classname="storm.starter.tools.RankingsTest" name="constructorWithPositiveTopNShouldBeOk"/>
  <testcase time="0" classname="storm.starter.tools.RankingsTest" name="defaultConstructorShouldSetPositiveTopN"/>
  <testcase time="0" classname="storm.starter.tools.RankingsTest" name="shouldCorrectlyRankWhenEmptyAndUpdatedWithOtherRankings"/>
  <testcase time="0" classname="storm.starter.tools.RankingsTest" name="shouldCorrectlyRankWhenEmptyAndUpdatedWithOtherRankings"/>
  <testcase time="0.001" classname="storm.starter.tools.RankingsTest" name="shouldCorrectlyRankWhenEmptyAndUpdatedWithOtherRankings"/>
  <testcase time="0" classname="storm.starter.tools.RankingsTest" name="shouldCorrectlyRankWhenEmptyAndUpdatedWithOtherRankings"/>
  <testcase time="0" classname="storm.starter.tools.RankingsTest" name="shouldCorrectlyRankWhenNotEmptyAndUpdatedWithOtherRankings"/>
  <testcase time="0.001" classname="storm.starter.tools.RankingsTest" name="shouldCorrectlyRankWhenNotEmptyAndUpdatedWithOtherRankings"/>
  <testcase time="0" classname="storm.starter.tools.RankingsTest" name="shouldCorrectlyRankWhenNotEmptyAndUpdatedWithOtherRankings"/>
  <testcase time="0.001" classname="storm.starter.tools.RankingsTest" name="shouldCorrectlyRankWhenNotEmptyAndUpdatedWithOtherRankings"/>
  <testcase time="0.001" classname="storm.starter.tools.RankingsTest" name="shouldCorrectlyRankWhenUpdatedWithEmptyOtherRankings"/>
  <testcase time="0" classname="storm.starter.tools.RankingsTest" name="shouldCorrectlyRankWhenUpdatedWithEmptyOtherRankings"/>
  <testcase time="0.001" classname="storm.starter.tools.RankingsTest" name="shouldCorrectlyRankWhenUpdatedWithEmptyOtherRankings"/>
  <testcase time="0" classname="storm.starter.tools.RankingsTest" name="shouldCorrectlyRankWhenUpdatedWithEmptyOtherRankings"/>
  <testcase time="0" classname="storm.starter.tools.RankingsTest" name="shouldCorrectlyRankWhenUpdatedWithRankables"/>
  <testcase time="0" classname="storm.starter.tools.RankingsTest" name="shouldCorrectlyRankWhenUpdatedWithRankables"/>
  <testcase time="0" classname="storm.starter.tools.RankingsTest" name="shouldCorrectlyRankWhenUpdatedWithRankables"/>
  <testcase time="0" classname="storm.starter.tools.RankingsTest" name="shouldCorrectlyRankWhenUpdatedWithRankables"/>
  <testcase time="0" classname="storm.starter.tools.RankingsTest" name="shouldHaveDefaultConstructor"/>
  <testcase time="0" classname="storm.starter.tools.RankingsTest" name="shouldNotRankDuplicateObjectsMoreThanOnce"/>
  <testcase time="0.001" classname="storm.starter.tools.RankingsTest" name="shouldNotRankDuplicateObjectsMoreThanOnce"/>
  <testcase time="0.003" classname="storm.starter.tools.RankingsTest" name="sizeOfRankingsShouldNotGrowBeyondTopN"/>
  <testcase time="0" classname="storm.starter.tools.RankingsTest" name="sizeOfRankingsShouldNotGrowBeyondTopN"/>
  <testcase time="0.003" classname="storm.starter.bolt.RollingCountBoltTest" name="shouldDeclareOutputFields"/>
  <testcase time="0.043" classname="storm.starter.bolt.RollingCountBoltTest" name="shouldEmitNothingIfNoObjectHasBeenCountedYetAndTickTupleIsReceived"/>
  <testcase time="0.017" classname="storm.starter.bolt.RollingCountBoltTest" name="shouldEmitSomethingIfAtLeastOneObjectWasCountedAndTickTupleIsReceived"/>
  <testcase time="0" classname="storm.starter.bolt.RollingCountBoltTest" name="shouldSetTickTupleFrequencyInComponentConfigurationToNonZeroValue"/>
  <testcase time="0" classname="storm.starter.tools.SlidingWindowCounterTest" name="lessThanTwoSlotsShouldThrowIAE"/>
  <testcase time="0" classname="storm.starter.tools.SlidingWindowCounterTest" name="lessThanTwoSlotsShouldThrowIAE"/>
  <testcase time="0" classname="storm.starter.tools.SlidingWindowCounterTest" name="lessThanTwoSlotsShouldThrowIAE"/>
  <testcase time="0" classname="storm.starter.tools.SlidingWindowCounterTest" name="lessThanTwoSlotsShouldThrowIAE"/>
  <testcase time="0" classname="storm.starter.tools.SlidingWindowCounterTest" name="lessThanTwoSlotsShouldThrowIAE"/>
  <testcase time="0" classname="storm.starter.tools.SlidingWindowCounterTest" name="lessThanTwoSlotsShouldThrowIAE"/>
  <testcase time="0" classname="storm.starter.tools.SlidingWindowCounterTest" name="newInstanceShouldHaveEmptyCounts"/>
  <testcase time="0.001" classname="storm.starter.tools.SlidingWindowCounterTest" name="testCounterWithSimulatedRuns"/>
  <testcase time="0" classname="storm.starter.tools.SlidingWindowCounterTest" name="testCounterWithSimulatedRuns"/>
  <testcase time="0.001" classname="storm.starter.tools.SlidingWindowCounterTest" name="testCounterWithSimulatedRuns"/>
  <testcase time="0" classname="storm.starter.tools.SlidingWindowCounterTest" name="testCounterWithSimulatedRuns"/>
  <testcase time="0.004" classname="storm.starter.tools.SlidingWindowCounterTest" name="testCounterWithSimulatedRuns"/>
  <testcase time="0" classname="storm.starter.tools.SlidingWindowCounterTest" name="twoOrMoreSlotsShouldBeValid"/>
  <testcase time="0" classname="storm.starter.tools.SlidingWindowCounterTest" name="twoOrMoreSlotsShouldBeValid"/>
  <testcase time="0" classname="storm.starter.tools.SlidingWindowCounterTest" name="twoOrMoreSlotsShouldBeValid"/>
  <testcase time="0.001" classname="storm.starter.tools.SlotBasedCounterTest" name="negativeOrZeroNumSlotsShouldThrowIAE"/>
  <testcase time="0" classname="storm.starter.tools.SlotBasedCounterTest" name="negativeOrZeroNumSlotsShouldThrowIAE"/>
  <testcase time="0" classname="storm.starter.tools.SlotBasedCounterTest" name="negativeOrZeroNumSlotsShouldThrowIAE"/>
  <testcase time="0" classname="storm.starter.tools.SlotBasedCounterTest" name="negativeOrZeroNumSlotsShouldThrowIAE"/>
  <testcase time="0" classname="storm.starter.tools.SlotBasedCounterTest" name="negativeOrZeroNumSlotsShouldThrowIAE"/>
  <testcase time="0" classname="storm.starter.tools.SlotBasedCounterTest" name="newInstanceShouldHaveEmptyCounts"/>
  <testcase time="0" classname="storm.starter.tools.SlotBasedCounterTest" name="positiveNumSlotsShouldBeOk"/>
  <testcase time="0" classname="storm.starter.tools.SlotBasedCounterTest" name="positiveNumSlotsShouldBeOk"/>
  <testcase time="0" classname="storm.starter.tools.SlotBasedCounterTest" name="positiveNumSlotsShouldBeOk"/>
  <testcase time="0.001" classname="storm.starter.tools.SlotBasedCounterTest" name="positiveNumSlotsShouldBeOk"/>
  <testcase time="0" classname="storm.starter.tools.SlotBasedCounterTest" name="shouldIncrementCount"/>
  <testcase time="0" classname="storm.starter.tools.SlotBasedCounterTest" name="shouldIncrementCountOnlyOneSlotAtATime"/>
  <testcase time="0" classname="storm.starter.tools.SlotBasedCounterTest" name="shouldReturnNonEmptyCountsWhenAtLeastOneObjectWasCounted"/>
  <testcase time="0" classname="storm.starter.tools.SlotBasedCounterTest" name="shouldReturnZeroForNonexistentObject"/>
  <testcase time="0" classname="storm.starter.tools.SlotBasedCounterTest" name="wipeSlotShouldSetAllCountsInSlotToZero"/>
  <testcase time="0" classname="storm.starter.tools.SlotBasedCounterTest" name="wipeZerosShouldRemoveAnyObjectsWithZeroTotalCount"/>
  <testcase time="0.001" classname="storm.starter.bolt.TotalRankingsBoltTest" name="negativeOrZeroEmitFrequencyShouldThrowIAE"/>
  <testcase time="0" classname="storm.starter.bolt.TotalRankingsBoltTest" name="negativeOrZeroEmitFrequencyShouldThrowIAE"/>
  <testcase time="0" classname="storm.starter.bolt.TotalRankingsBoltTest" name="negativeOrZeroEmitFrequencyShouldThrowIAE"/>
  <testcase time="0.001" classname="storm.starter.bolt.TotalRankingsBoltTest" name="negativeOrZeroEmitFrequencyShouldThrowIAE"/>
  <testcase time="0" classname="storm.starter.bolt.TotalRankingsBoltTest" name="negativeOrZeroEmitFrequencyShouldThrowIAE"/>
  <testcase time="0" classname="storm.starter.bolt.TotalRankingsBoltTest" name="negativeOrZeroTopNShouldThrowIAE"/>
  <testcase time="0" classname="storm.starter.bolt.TotalRankingsBoltTest" name="negativeOrZeroTopNShouldThrowIAE"/>
  <testcase time="0" classname="storm.starter.bolt.TotalRankingsBoltTest" name="negativeOrZeroTopNShouldThrowIAE"/>
  <testcase time="0" classname="storm.starter.bolt.TotalRankingsBoltTest" name="negativeOrZeroTopNShouldThrowIAE"/>
  <testcase time="0" classname="storm.starter.bolt.TotalRankingsBoltTest" name="negativeOrZeroTopNShouldThrowIAE"/>
  <testcase time="0" classname="storm.starter.bolt.TotalRankingsBoltTest" name="positiveEmitFrequencyShouldBeOk"/>
  <testcase time="0" classname="storm.starter.bolt.TotalRankingsBoltTest" name="positiveEmitFrequencyShouldBeOk"/>
  <testcase time="0" classname="storm.starter.bolt.TotalRankingsBoltTest" name="positiveEmitFrequencyShouldBeOk"/>
  <testcase time="0.001" classname="storm.starter.bolt.TotalRankingsBoltTest" name="positiveEmitFrequencyShouldBeOk"/>
  <testcase time="0" classname="storm.starter.bolt.TotalRankingsBoltTest" name="positiveTopNShouldBeOk"/>
  <testcase time="0.001" classname="storm.starter.bolt.TotalRankingsBoltTest" name="positiveTopNShouldBeOk"/>
  <testcase time="0" classname="storm.starter.bolt.TotalRankingsBoltTest" name="positiveTopNShouldBeOk"/>
  <testcase time="0" classname="storm.starter.bolt.TotalRankingsBoltTest" name="positiveTopNShouldBeOk"/>
  <testcase time="0" classname="storm.starter.bolt.TotalRankingsBoltTest" name="shouldDeclareOutputFields"/>
  <testcase time="0.006" classname="storm.starter.bolt.TotalRankingsBoltTest" name="shouldEmitNothingIfNormalTupleIsReceived"/>
  <testcase time="0.001" classname="storm.starter.bolt.TotalRankingsBoltTest" name="shouldEmitSomethingIfTickTupleIsReceived"/>
  <testcase time="0.001" classname="storm.starter.bolt.TotalRankingsBoltTest" name="shouldSetTickTupleFrequencyInComponentConfigurationToNonZeroValue"/>
</testsuite>